AFACF4C77,Śāntideva: Bodhicaryāvatāra,https://github.com/OpenPecha/AFACF4C77
A3FAFAC3F,Akṣayamatinirdeśa,https://github.com/OpenPecha/A3FAFAC3F
AA942CF68,PP: Aṣṭasāhasrikā Prajñāpāramitā,https://github.com/OpenPecha/AA942CF68
A51FB9A0E,Akṣayamatinirdeśa,https://github.com/OpenPecha/A51FB9A0E
A16E2E9AD,PP: Aṣṭasāhasrikā Prajñāpāramitā,https://github.com/OpenPecha/A16E2E9AD
A95BF422F,Bhaiṣajyagurupūrvapraṇidhānasūtra,https://github.com/OpenPecha/A95BF422F
A969AEEAC,Akṣayamatinirdeśa,https://github.com/OpenPecha/A969AEEAC
A4C9B2F78,PP: Aṣṭasāhasrikā Prajñāpāramitā,https://github.com/OpenPecha/A4C9B2F78
A85088A3A,Bhaiṣajyagurupūrvapraṇidhānasūtra,https://github.com/OpenPecha/A85088A3A
A7B26121C,Akṣayamatinirdeśa,https://github.com/OpenPecha/A7B26121C
A974B6893,PP: Aṣṭasāhasrikā Prajñāpāramitā,https://github.com/OpenPecha/A974B6893
AA141CB33,Bhaiṣajyagurupūrvapraṇidhānasūtra,https://github.com/OpenPecha/AA141CB33
A5FEEBEAB,Bodhisatvacaryānirdeśa,https://github.com/OpenPecha/A5FEEBEAB
A07090708,RK: Bodhisatvapiṭaka,https://github.com/OpenPecha/A07090708
A24218435,RK: Bodhisatvapiṭaka, BMSC IV, Tibetan,https://github.com/OpenPecha/A24218435
A7C09FA63,Brahmaśrīvyākaraṇa,https://github.com/OpenPecha/A7C09FA63
ABA90068A,BA: Proto-BA (Buddhanāmanirdeśa),https://github.com/OpenPecha/ABA90068A
A9FB9ECEB,BA: Daśabhūmikasūtra,https://github.com/OpenPecha/A9FB9ECEB
A8407C9BD,Akṣayamatinirdeśa,https://github.com/OpenPecha/A8407C9BD
A2A4B2444,PP: Aṣṭasāhasrikā Prajñāpāramitā,https://github.com/OpenPecha/A2A4B2444
A76E99191,Bhaiṣajyagurupūrvapraṇidhānasūtra,https://github.com/OpenPecha/A76E99191
A1F92C544,Bodhisatvacaryānirdeśa,https://github.com/OpenPecha/A1F92C544
ACD563FF3,RK: Bodhisatvapiṭaka,https://github.com/OpenPecha/ACD563FF3
A5ECD3891,RK: Bodhisatvapiṭaka, BMSC IV, Tibetan,https://github.com/OpenPecha/A5ECD3891
A88D0E04F,Brahmaśrīvyākaraṇa,https://github.com/OpenPecha/A88D0E04F
A2BD10D23,BA: Proto-BA (Buddhanāmanirdeśa),https://github.com/OpenPecha/A2BD10D23
AFBEAFBFD,BA: Daśabhūmikasūtra,https://github.com/OpenPecha/AFBEAFBFD
ADFA1CB23,Drāmiḍāvidyārājā,https://github.com/OpenPecha/ADFA1CB23
A40D44B7D,Gaganagañjaparipṛcchā,https://github.com/OpenPecha/A40D44B7D
A9753658D,BA: Gaṇḍavyūhasūtra,https://github.com/OpenPecha/A9753658D
A29830290,RK: Gaṅgottaraparipṛcchā,https://github.com/OpenPecha/A29830290
